
**** Build of configuration Debug for project PWM_TASK ****

"C:\\ti\\ccsv6\\utils\\bin\\gmake" -k all 
'Building file: ../main.c'
'Invoking: ARM Compiler'
"C:/ti/ccsv6/tools/compiler/ti-cgt-arm_5.2.5/bin/armcl" -mv7M4 --code_state=16 --float_support=FPv4SPD16 --abi=eabi -me --include_path="C:/ti/ccsv6/tools/compiler/ti-cgt-arm_5.2.5/include" --include_path="C:/ti/TivaWare" -g --gcc --define=ccs="ccs" --define=PART_TM4C123GH6PGE --define=TARGET_IS_BLIZZARD_RA1 --diag_wrap=off --diag_warning=225 --display_error_number --preproc_with_compile --preproc_dependency="main.pp"  "../main.c"
"../main.c", line 43: error #29: expected an expression
"../main.c", line 76: error #167: too few arguments in function call
"../main.c", line 82: warning #112-D: statement is unreachable
2 errors detected in the compilation of "../main.c".

>> Compilation failure
gmake: *** [main.obj] Error 1
gmake: Target `all' not remade because of errors.

**** Build Finished ****
